<?xml version="1.0" encoding="UTF-8"?>
<!-- Generated by org.testng.reporters.JUnitReportReporter -->
<testsuite hostname="MACC02Y14VBJGH6" name="com.demo.cucumber.TestRunner" tests="1" failures="0" timestamp="1 Apr 2021 17:30:06 GMT" time="0.139" errors="0">
  <testcase name="runScenario" time="0.139" classname="com.demo.cucumber.TestRunner"/>
</testsuite> <!-- com.demo.cucumber.TestRunner -->
